[0m06:43:56.462158 [debug] [MainThread]: Sending event: {'category': 'dbt', 'action': 'invocation', 'label': 'start', 'context': [<snowplow_tracker.self_describing_json.SelfDescribingJson object at 0x7f3e38706350>, <snowplow_tracker.self_describing_json.SelfDescribingJson object at 0x7f3e38d86590>, <snowplow_tracker.self_describing_json.SelfDescribingJson object at 0x7f3e38d86530>]}


============================== 06:43:56.471669 | 2ea81d92-e7e5-4e8d-b933-080dc9044749 ==============================
[0m06:43:56.471669 [info ] [MainThread]: Running with dbt=1.6.6
[0m06:43:56.472408 [debug] [MainThread]: running dbt with arguments {'printer_width': '80', 'indirect_selection': 'eager', 'log_cache_events': 'False', 'write_json': 'True', 'partial_parse': 'True', 'cache_selected_only': 'False', 'profiles_dir': '/home/vscode/.dbt', 'debug': 'False', 'version_check': 'True', 'log_path': 'logs', 'warn_error': 'None', 'fail_fast': 'False', 'use_colors': 'True', 'use_experimental_parser': 'False', 'no_print': 'None', 'quiet': 'False', 'warn_error_options': 'WarnErrorOptions(include=[], exclude=[])', 'introspect': 'True', 'static_parser': 'True', 'invocation_command': 'dbt init', 'target_path': 'None', 'log_format': 'default', 'send_anonymous_usage_stats': 'True'}
[0m06:43:56.473176 [warn ] [MainThread]: [ConfigFolderDirectory]: Unable to parse dict {'dir': PosixPath('/home/vscode/.dbt')}
[0m06:43:56.473782 [info ] [MainThread]: Creating dbt configuration folder at 
[0m06:44:07.140479 [debug] [MainThread]: Starter project path: /home/vscode/.local/lib/python3.10/site-packages/dbt/include/starter_project
[0m06:44:07.148645 [info ] [MainThread]: 
Your new dbt project "coffee_shop_sandra" was created!

For more information on how to configure the profiles.yml file,
please consult the dbt documentation here:

  https://docs.getdbt.com/docs/configure-your-profile

One more thing:

Need help? Don't hesitate to reach out to us via GitHub issues or on Slack:

  https://community.getdbt.com/

Happy modeling!

[0m06:44:07.149374 [info ] [MainThread]: Setting up your profile.
[0m06:44:57.446374 [info ] [MainThread]: Profile coffee_shop_sandra written to /home/vscode/.dbt/profiles.yml using target's profile_template.yml and your supplied values. Run 'dbt debug' to validate the connection.
[0m06:44:57.447656 [debug] [MainThread]: Command `dbt init` succeeded at 06:44:57.447539 after 60.99 seconds
[0m06:44:57.448176 [debug] [MainThread]: Sending event: {'category': 'dbt', 'action': 'invocation', 'label': 'end', 'context': [<snowplow_tracker.self_describing_json.SelfDescribingJson object at 0x7f3e38706350>, <snowplow_tracker.self_describing_json.SelfDescribingJson object at 0x7f3e34e5d510>, <snowplow_tracker.self_describing_json.SelfDescribingJson object at 0x7f3e34e5e2f0>]}
[0m06:44:57.448700 [debug] [MainThread]: Flushing usage events
